
================================
Server is running on http://localhost:3000
Open the web app at http://localhost:3000/index.html
================================

Connected to PostgreSQL successfully (read-only mode).
Connected to MySQL and verified transaction tables successfully.
Redis Client Error SocketClosedUnexpectedlyError: Socket closed unexpectedly
    at Socket.<anonymous> (C:\Users\tumta\OneDrive\เอกสาร\Antigravity\Transport\node_modules\@redis\client\dist\lib\client\socket.js:194:118)
    at Object.onceWrapper (node:events:623:12)
    at Socket.emit (node:events:508:20)
    at TCP.<anonymous> (node:net:350:12)
Redis Client Error SocketClosedUnexpectedlyError: Socket closed unexpectedly
    at Socket.<anonymous> (C:\Users\tumta\OneDrive\เอกสาร\Antigravity\Transport\node_modules\@redis\client\dist\lib\client\socket.js:194:118)
    at Object.onceWrapper (node:events:623:12)
    at Socket.emit (node:events:508:20)
    at TCP.<anonymous> (node:net:350:12)

================================
Server is running on http://localhost:3000
Open the web app at http://localhost:3000/index.html
================================

Connected to PostgreSQL successfully (read-only mode).
Connected to MySQL and verified transaction tables successfully.
Redis Client Error SocketClosedUnexpectedlyError: Socket closed unexpectedly
    at Socket.<anonymous> (C:\Users\tumta\OneDrive\เอกสาร\Antigravity\Transport\node_modules\@redis\client\dist\lib\client\socket.js:194:118)
    at Object.onceWrapper (node:events:623:12)
    at Socket.emit (node:events:508:20)
    at TCP.<anonymous> (node:net:350:12)
Redis Client Error SocketClosedUnexpectedlyError: Socket closed unexpectedly
    at Socket.<anonymous> (C:\Users\tumta\OneDrive\เอกสาร\Antigravity\Transport\node_modules\@redis\client\dist\lib\client\socket.js:194:118)
    at Object.onceWrapper (node:events:623:12)
    at Socket.emit (node:events:508:20)
    at TCP.<anonymous> (node:net:350:12)

================================
Server is running on http://localhost:3000
Open the web app at http://localhost:3000/index.html
================================

Connected to PostgreSQL successfully (read-only mode).
Connected to MySQL and verified transaction tables successfully.
Redis Client Error SocketClosedUnexpectedlyError: Socket closed unexpectedly
    at Socket.<anonymous> (C:\Users\tumta\OneDrive\เอกสาร\Antigravity\Transport\node_modules\@redis\client\dist\lib\client\socket.js:194:118)
    at Object.onceWrapper (node:events:623:12)
    at Socket.emit (node:events:508:20)
    at TCP.<anonymous> (node:net:350:12)
Redis Client Error SocketClosedUnexpectedlyError: Socket closed unexpectedly
    at Socket.<anonymous> (C:\Users\tumta\OneDrive\เอกสาร\Antigravity\Transport\node_modules\@redis\client\dist\lib\client\socket.js:194:118)
    at Object.onceWrapper (node:events:623:12)
    at Socket.emit (node:events:508:20)
    at TCP.<anonymous> (node:net:350:12)

================================
Server is running on http://localhost:3000
Open the web app at http://localhost:3000/index.html
================================

Connected to PostgreSQL successfully (read-only mode).
Connected to MySQL and verified transaction tables successfully.
Redis Client Error SocketClosedUnexpectedlyError: Socket closed unexpectedly
    at Socket.<anonymous> (C:\Users\tumta\OneDrive\เอกสาร\Antigravity\Transport\node_modules\@redis\client\dist\lib\client\socket.js:194:118)
    at Object.onceWrapper (node:events:623:12)
    at Socket.emit (node:events:508:20)
    at TCP.<anonymous> (node:net:350:12)
Redis Client Error SocketClosedUnexpectedlyError: Socket closed unexpectedly
    at Socket.<anonymous> (C:\Users\tumta\OneDrive\เอกสาร\Antigravity\Transport\node_modules\@redis\client\dist\lib\client\socket.js:194:118)
    at Object.onceWrapper (node:events:623:12)
    at Socket.emit (node:events:508:20)
    at TCP.<anonymous> (node:net:350:12)

================================
Server is running on http://localhost:3000
Open the web app at http://localhost:3000/index.html
================================

Connected to PostgreSQL successfully (read-only mode).
Connected to MySQL and verified transaction tables successfully.
Redis Client Error SocketClosedUnexpectedlyError: Socket closed unexpectedly
    at Socket.<anonymous> (C:\Users\tumta\OneDrive\เอกสาร\Antigravity\Transport\node_modules\@redis\client\dist\lib\client\socket.js:194:118)
    at Object.onceWrapper (node:events:623:12)
    at Socket.emit (node:events:508:20)
    at TCP.<anonymous> (node:net:350:12)
Redis Client Error SocketClosedUnexpectedlyError: Socket closed unexpectedly
    at Socket.<anonymous> (C:\Users\tumta\OneDrive\เอกสาร\Antigravity\Transport\node_modules\@redis\client\dist\lib\client\socket.js:194:118)
    at Object.onceWrapper (node:events:623:12)
    at Socket.emit (node:events:508:20)
    at TCP.<anonymous> (node:net:350:12)

================================
Server is running on http://localhost:3000
Open the web app at http://localhost:3000/index.html
================================

Connected to PostgreSQL successfully (read-only mode).
Connected to MySQL and verified transaction tables successfully.
Redis Client Error SocketClosedUnexpectedlyError: Socket closed unexpectedly
    at Socket.<anonymous> (C:\Users\tumta\OneDrive\เอกสาร\Antigravity\Transport\node_modules\@redis\client\dist\lib\client\socket.js:194:118)
    at Object.onceWrapper (node:events:623:12)
    at Socket.emit (node:events:508:20)
    at TCP.<anonymous> (node:net:350:12)
Redis Client Error SocketClosedUnexpectedlyError: Socket closed unexpectedly
    at Socket.<anonymous> (C:\Users\tumta\OneDrive\เอกสาร\Antigravity\Transport\node_modules\@redis\client\dist\lib\client\socket.js:194:118)
    at Object.onceWrapper (node:events:623:12)
    at Socket.emit (node:events:508:20)
    at TCP.<anonymous> (node:net:350:12)

================================
Server is running on http://localhost:3000
Open the web app at http://localhost:3000/index.html
================================

Connected to PostgreSQL successfully (read-only mode).
Connected to MySQL and verified transaction tables successfully.
Redis Client Error SocketClosedUnexpectedlyError: Socket closed unexpectedly
    at Socket.<anonymous> (C:\Users\tumta\OneDrive\เอกสาร\Antigravity\Transport\node_modules\@redis\client\dist\lib\client\socket.js:194:118)
    at Object.onceWrapper (node:events:623:12)
    at Socket.emit (node:events:508:20)
    at TCP.<anonymous> (node:net:350:12)
Redis Client Error SocketClosedUnexpectedlyError: Socket closed unexpectedly
    at Socket.<anonymous> (C:\Users\tumta\OneDrive\เอกสาร\Antigravity\Transport\node_modules\@redis\client\dist\lib\client\socket.js:194:118)
    at Object.onceWrapper (node:events:623:12)
    at Socket.emit (node:events:508:20)
    at TCP.<anonymous> (node:net:350:12)

================================
Server is running on http://localhost:3000
Open the web app at http://localhost:3000/index.html
================================

Connected to PostgreSQL successfully (read-only mode).
Connected to MySQL and verified transaction tables successfully.
Redis Client Error SocketClosedUnexpectedlyError: Socket closed unexpectedly
    at Socket.<anonymous> (C:\Users\tumta\OneDrive\เอกสาร\Antigravity\Transport\node_modules\@redis\client\dist\lib\client\socket.js:194:118)
    at Object.onceWrapper (node:events:623:12)
    at Socket.emit (node:events:508:20)
    at TCP.<anonymous> (node:net:350:12)
Redis Client Error SocketClosedUnexpectedlyError: Socket closed unexpectedly
    at Socket.<anonymous> (C:\Users\tumta\OneDrive\เอกสาร\Antigravity\Transport\node_modules\@redis\client\dist\lib\client\socket.js:194:118)
    at Object.onceWrapper (node:events:623:12)
    at Socket.emit (node:events:508:20)
    at TCP.<anonymous> (node:net:350:12)

================================
Server is running on http://localhost:3000
Open the web app at http://localhost:3000/index.html
================================

Connected to PostgreSQL successfully (read-only mode).
Connected to MySQL and verified transaction tables successfully.
Redis Client Error SocketClosedUnexpectedlyError: Socket closed unexpectedly
    at Socket.<anonymous> (C:\Users\tumta\OneDrive\เอกสาร\Antigravity\Transport\node_modules\@redis\client\dist\lib\client\socket.js:194:118)
    at Object.onceWrapper (node:events:623:12)
    at Socket.emit (node:events:508:20)
    at TCP.<anonymous> (node:net:350:12)
Redis Client Error SocketClosedUnexpectedlyError: Socket closed unexpectedly
    at Socket.<anonymous> (C:\Users\tumta\OneDrive\เอกสาร\Antigravity\Transport\node_modules\@redis\client\dist\lib\client\socket.js:194:118)
    at Object.onceWrapper (node:events:623:12)
    at Socket.emit (node:events:508:20)
    at TCP.<anonymous> (node:net:350:12)

================================
Server is running on http://localhost:3000
Open the web app at http://localhost:3000/index.html
================================

Connected to PostgreSQL successfully (read-only mode).
Connected to MySQL and verified transaction tables successfully.
Redis Client Error SocketClosedUnexpectedlyError: Socket closed unexpectedly
    at Socket.<anonymous> (C:\Users\tumta\OneDrive\เอกสาร\Antigravity\Transport\node_modules\@redis\client\dist\lib\client\socket.js:194:118)
    at Object.onceWrapper (node:events:623:12)
    at Socket.emit (node:events:508:20)
    at TCP.<anonymous> (node:net:350:12)
Redis Client Error SocketClosedUnexpectedlyError: Socket closed unexpectedly
    at Socket.<anonymous> (C:\Users\tumta\OneDrive\เอกสาร\Antigravity\Transport\node_modules\@redis\client\dist\lib\client\socket.js:194:118)
    at Object.onceWrapper (node:events:623:12)
    at Socket.emit (node:events:508:20)
    at TCP.<anonymous> (node:net:350:12)

================================
Server is running on http://localhost:3000
Open the web app at http://localhost:3000/index.html
================================

Connected to PostgreSQL successfully (read-only mode).
Connected to MySQL and verified transaction tables successfully.
Redis Client Error SocketClosedUnexpectedlyError: Socket closed unexpectedly
    at Socket.<anonymous> (C:\Users\tumta\OneDrive\เอกสาร\Antigravity\Transport\node_modules\@redis\client\dist\lib\client\socket.js:194:118)
    at Object.onceWrapper (node:events:623:12)
    at Socket.emit (node:events:508:20)
    at TCP.<anonymous> (node:net:350:12)
Redis Client Error SocketClosedUnexpectedlyError: Socket closed unexpectedly
    at Socket.<anonymous> (C:\Users\tumta\OneDrive\เอกสาร\Antigravity\Transport\node_modules\@redis\client\dist\lib\client\socket.js:194:118)
    at Object.onceWrapper (node:events:623:12)
    at Socket.emit (node:events:508:20)
    at TCP.<anonymous> (node:net:350:12)

================================
Server is running on http://localhost:3000
Open the web app at http://localhost:3000/index.html
================================

Connected to PostgreSQL successfully (read-only mode).
Connected to MySQL and verified transaction tables successfully.
Redis Client Error SocketClosedUnexpectedlyError: Socket closed unexpectedly
    at Socket.<anonymous> (C:\Users\tumta\OneDrive\เอกสาร\Antigravity\Transport\node_modules\@redis\client\dist\lib\client\socket.js:194:118)
    at Object.onceWrapper (node:events:623:12)
    at Socket.emit (node:events:508:20)
    at TCP.<anonymous> (node:net:350:12)
Redis Client Error SocketClosedUnexpectedlyError: Socket closed unexpectedly
    at Socket.<anonymous> (C:\Users\tumta\OneDrive\เอกสาร\Antigravity\Transport\node_modules\@redis\client\dist\lib\client\socket.js:194:118)
    at Object.onceWrapper (node:events:623:12)
    at Socket.emit (node:events:508:20)
    at TCP.<anonymous> (node:net:350:12)
